GAS LISTING greetings.S 			page 1


   1              	/**
   2              	 * greetings.S -- –≤—ã–≤–æ–¥–∏—Ç –ø—Ä–∏–≤–µ—Ç—Å—Ç–≤–µ–Ω–Ω—É—é —Å—Ç—Ä–æ–∫—É –Ω–µ—Å–∫–æ–ª—å–∫–æ —Ä–∞–
   3              	 *
   4              	 * Copyright (c) 2014 Petrozavodsk State University
   5              	 *
   6              	 * Permission is hereby granted, free of charge, to any person obtaining
   7              	 * a copy of this software and associated documentation files (the
   8              	 * "Software"), to deal in the Software without restriction, including
   9              	 * without limitation the rights to use, copy, modify, merge, publish,
  10              	 * distribute, sublicense, and/or sell copies of the Software, and to
  11              	 * permit persons to whom the Software is furnished to do so, subject to
  12              	 * the following conditions:
  13              	 *
  14              	 * The above copyright notice and this permission notice shall be
  15              	 * included in all copies or substantial portions of the Software.
  16              	 */
  17              	
  18              	
  19              	/* –°–µ–∫—Ü–∏—è –¥–∞–Ω–Ω—ã—Ö */
  20              	
  21              	.data
  22              	
  23              	    /* –†–∞–∑–º–µ—â–∞–µ–º –Ω—É–ª—å-—Ç–µ—Ä–º–∏–Ω–∞–ª—å–Ω—É—é —Å—Ç—Ä–æ–∫—É –≤ –æ–±–ª–∞—Å—Ç–∏ –≥–ª–æ–±
  24              	       –∏–Ω–∏—Ü–∏–∞–ª–∏–∑–∏—Ä–æ–≤–∞–Ω–Ω—ã—Ö –¥–∞–Ω–Ω—ã—Ö, –º–µ—Ç–∫–∞ greeting –∞–¥—Ä–µ—Å—É–µ—Ç —Å—Ç
  25 0000 48656C6C 	    greeting: .asciz "Hello from Assembler!\n"
  25      6F206672 
  25      6F6D2041 
  25      7373656D 
  25      626C6572 
  26 0017 0A00     	    enter: .asciz "\n"
  27 0019 20202020 	    spaces: .asciz "                                                          "
  27      20202020 
  27      20202020 
  27      20202020 
  27      20202020 
  28 0054 15000000 	    n: .long 21
  29 0058 00000000 	    begin: .long 0
  30              	
  31              	
  32              	/* –°–µ–∫—Ü–∏—è –∫–æ–º–∞–Ω–¥ –ø—Ä–æ—Ü–µ—Å—Å–æ—Ä–∞ */
  33              	
  34              	.text
  35              	
  36              	    /* –ú–µ—Ç–∫–∞ _start –∞–¥—Ä–µ—Å—É–µ—Ç —Ç–æ—á–∫—É –≤—Ö–æ–¥–∞ - –ø–µ—Ä–≤—É—é –∏–Ω—Å—Ç—Ä—É–∫—Ü–∏—é
  37              	       –∫–æ–º–∞–Ω–¥ –ø—Ä–æ—Ü–µ—Å—Å–æ—Ä–∞, –∫–æ—Ç–æ—Ä–∞—è –±—É–¥–µ—Ç –∏—Å–ø–æ–ª–Ω–µ–Ω–∞ –ø—Ä–∏ –∑–∞–
  38              	       
  39              	    .global _start
  40              	    _start:                           
  41              	
  42              	    /* –ú–Ω–æ–≥–æ–∫—Ä–∞—Ç–Ω–æ –≤—ã–≤–æ–¥–∏–º —Å—Ç—Ä–æ–∫—É –Ω–∞ —ç–∫—Ä–∞–Ω */
  43              	    
  44 0000 BE0B0000 	    movl $11, %esi          # —Ñ–∏–∫—Å–∏—Ä—É–µ–º —Å—á–µ—Ç—á–∏–∫ –ø–æ–≤—Ç–æ—Ä–µ–Ω–∏–π
  44      00
  45              	  
  46              	  next:
  47              	    # –í—ã–≤–æ–¥ –ø—Ä–æ–±–µ–ª–æ–≤ –≤–Ω–∞—á–∞–ª–µ
  48 0005 B8040000 	    movl $4, %eax           # –ø–æ–º–µ—â–∞–µ–º –Ω–æ–º–µ—Ä —Å–∏—Å—Ç–µ–º–Ω–æ–≥–æ –≤—ã–∑–æ–≤–∞ write
GAS LISTING greetings.S 			page 2


  48      00
  49              	                            # –≤ —Ä–µ–≥–∏—Å—Ç—Ä eax                            
  50 000a BB010000 	    movl $1, %ebx           # –ø–æ–º–µ—â–∞–µ–º –Ω–æ–º–µ—Ä –¥–µ—Å–∫—Ä–∏–ø—Ç–æ—Ä–∞ —Ñ–∞–π–ª–∞ –≤ —Ä–µ
  50      00
  51              	                            # –µ–¥–∏–Ω–∏—Ü–∞ —Å–æ–æ—Ç–≤–µ—Ç—Å—Ç–≤—É–µ—Ç —Å—Ç–∞–Ω–¥–∞—Ä—Ç–Ω–æ–º—É –≤
  52 000f 8D0D1900 	    leal spaces, %ecx     # –ø–æ–º–µ—â–∞–µ–º –∞–¥—Ä–µ—Å –≤—ã–≤–æ–¥–∏–º–æ–π —Å—Ç—Ä–æ–∫–∏ –≤ —Ä–µ–≥–∏
  52      0000
  53              	
  54              	    
  55              	
  56              	                            # (–æ–±—ä—è—Å–Ω–∏—Ç–µ, –ø–æ—á–µ–º—É –Ω–µ movl greeting, %ecx
  57 0015 8B155800 	    movl begin, %edx          # –ø–æ–º–µ—â–∞–µ–º –≤ —Ä–µ–≥–∏—Å—Ç—Ä edx –∫–æ–ª–∏—á–µ—Å—Ç–≤–æ –±–∞–π—
  57      0000
  58              	                            # –∑–∞–¥–∞–Ω–Ω–æ–≥–æ –∞–¥—Ä–µ—Å–∞, –∫–æ—Ç–æ—Ä—ã–µ –Ω—É–∂–Ω–æ –æ—Ç–ø—Ä–∞
  59 001b CD80     	    int  $0x80	            # –æ–±—Ä–∞—â–∞–µ–º—Å—è –∫ –æ–±—Ä–∞–±–æ—Ç—á–∏–∫—É —Å–∏—Å—Ç–µ–º–Ω—ã—Ö –≤—ã
  60              	
  61              	
  62              	    # –í—ã–≤–æ–¥ —Ñ—Ä–∞–∑—ã –æ—Å–Ω–æ–≤–Ω–æ–π greetings
  63 001d B8040000 	    movl $4, %eax           # –ø–æ–º–µ—â–∞–µ–º –Ω–æ–º–µ—Ä —Å–∏—Å—Ç–µ–º–Ω–æ–≥–æ –≤—ã–∑–æ–≤–∞ write
  63      00
  64              	                            # –≤ —Ä–µ–≥–∏—Å—Ç—Ä eax                            
  65 0022 BB010000 	    movl $1, %ebx           # –ø–æ–º–µ—â–∞–µ–º –Ω–æ–º–µ—Ä –¥–µ—Å–∫—Ä–∏–ø—Ç–æ—Ä–∞ —Ñ–∞–π–ª–∞ –≤ —Ä–µ
  65      00
  66              	                            # –µ–¥–∏–Ω–∏—Ü–∞ —Å–æ–æ—Ç–≤–µ—Ç—Å—Ç–≤—É–µ—Ç —Å—Ç–∞–Ω–¥–∞—Ä—Ç–Ω–æ–º—É –≤
  67 0027 8D0D0000 	    leal greeting, %ecx     # –ø–æ–º–µ—â–∞–µ–º –∞–¥—Ä–µ—Å –≤—ã–≤–æ–¥–∏–º–æ–π —Å—Ç—Ä–æ–∫–∏ –≤ —Ä–µ–≥
  67      0000
  68              	
  69 002d 030D5800 	    addl begin, %ecx   # –ø–µ—Ä–µ–º–µ—â–∞–µ–º —É–∫–∞–∑–∞—Ç–µ–ª—å –Ω–∞ –∞–¥—Ä–µ—Å—Å –≤ –ø–∞–º—è—Ç–∏,
  69      0000
  70 0033 83055800 	    addl $1, begin
  70      000001
  71              	
  72              	                            # (–æ–±—ä—è—Å–Ω–∏—Ç–µ, –ø–æ—á–µ–º—É –Ω–µ movl greeting, %ecx
  73 003a 8B155400 	    movl n, %edx          # –ø–æ–º–µ—â–∞–µ–º –≤ —Ä–µ–≥–∏—Å—Ç—Ä edx –∫–æ–ª–∏—á–µ—Å—Ç–≤–æ –±–∞–π—Ç, –
  73      0000
  74              	                            # –∑–∞–¥–∞–Ω–Ω–æ–≥–æ –∞–¥—Ä–µ—Å–∞, –∫–æ—Ç–æ—Ä—ã–µ –Ω—É–∂–Ω–æ –æ—Ç–ø—Ä–∞
  75 0040 CD80     	    int  $0x80	            # –æ–±—Ä–∞—â–∞–µ–º—Å—è –∫ –æ–±—Ä–∞–±–æ—Ç—á–∏–∫—É —Å–∏—Å—Ç–µ–º–Ω—ã—Ö –≤—ã
  76              	
  77              	
  78              	
  79              	    # –í—ã–≤–æ–¥ –ø–µ—Ä–µ–≤–æ–¥–∞ —Å—Ç—Ä–æ–∫–∏
  80 0042 B8040000 	    movl $4, %eax           # –ø–æ–º–µ—â–∞–µ–º –Ω–æ–º–µ—Ä —Å–∏—Å—Ç–µ–º–Ω–æ–≥–æ –≤—ã–∑–æ–≤–∞ write
  80      00
  81              	                            # –≤ —Ä–µ–≥–∏—Å—Ç—Ä eax                            
  82 0047 BB010000 	    movl $1, %ebx           # –ø–æ–º–µ—â–∞–µ–º –Ω–æ–º–µ—Ä –¥–µ—Å–∫—Ä–∏–ø—Ç–æ—Ä–∞ —Ñ–∞–π–ª–∞ –≤ —Ä–µ
  82      00
  83              	                            # –µ–¥–∏–Ω–∏—Ü–∞ —Å–æ–æ—Ç–≤–µ—Ç—Å—Ç–≤—É–µ—Ç —Å—Ç–∞–Ω–¥–∞—Ä—Ç–Ω–æ–º—É –≤
  84 004c 8D0D1700 	    leal enter, %ecx     # –ø–æ–º–µ—â–∞–µ–º –∞–¥—Ä–µ—Å –≤—ã–≤–æ–¥–∏–º–æ–π —Å—Ç—Ä–æ–∫–∏ –≤ —Ä–µ–≥–∏—
  84      0000
  85              	                            # (–æ–±—ä—è—Å–Ω–∏—Ç–µ, –ø–æ—á–µ–º—É –Ω–µ movl greeting, %ecx
  86 0052 BA010000 	    movl $1, %edx          # –ø–æ–º–µ—â–∞–µ–º –≤ —Ä–µ–≥–∏—Å—Ç—Ä edx –∫–æ–ª–∏—á–µ—Å—Ç–≤–æ –±–∞–π—Ç, 
  86      00
  87              	                            # –∑–∞–¥–∞–Ω–Ω–æ–≥–æ –∞–¥—Ä–µ—Å–∞, –∫–æ—Ç–æ—Ä—ã–µ –Ω—É–∂–Ω–æ –æ—Ç–ø—Ä–∞
  88 0057 CD80     	    int  $0x80	            # –æ–±—Ä–∞—â–∞–µ–º—Å—è –∫ –æ–±—Ä–∞–±–æ—Ç—á–∏–∫—É —Å–∏—Å—Ç–µ–º–Ω—ã—Ö –≤—ã
  89              	
  90              	
  91              	
GAS LISTING greetings.S 			page 3


  92 0059 832D5400 	    subl $2, n # –£–º–µ–Ω—å—à–∞–µ–º —Å—Ç—Ä–æ–∫—É –∫–∞–∂–¥—ã–π —Ä–∞–∑
  92      000002
  93              	  
  94              	                            # –û–° Linux, –∫–æ—Ç–æ—Ä—ã–π –≤—ã–ø–æ–ª–Ω—è–µ—Ç –≤—ã–∑–æ–≤ –ø–æ –µ–≥–æ 
  95 0060 83EE01   	    subl $1, %esi           # —É–º–µ–Ω—å—à–∞–µ–º —Å—á–µ—Ç—á–∏–∫
  96 0063 83FE01   	    cmpl $1, %esi           # –µ—Å–ª–∏ —Ç—Ä–µ–±—É–µ–º–æ–µ —á–∏—Å–ª–æ –ø–æ–≤—Ç–æ—Ä–µ–Ω–∏–π –¥–æ—Å—Ç–
  97 0066 7402     	    je bottom_clock                 # –ø–µ—Ä–µ—Ö–æ–¥–∏–º –∫ –∑–∞–≤–µ—Ä—à–µ–Ω–∏—é –ø—Ä–æ–≥—Ä–∞–º–º—ã
  98 0068 EB9B     	    jmp next                # –∏–Ω–∞—á–µ –ø–æ–≤—Ç–æ—Ä—è–µ–º –µ—â–µ —Ä–∞–∑
  99              	
 100              	
 101              	  # –°–≤–∞–ø–∞–µ–º –ø–µ—Ä–µ–º–µ–Ω–Ω—ã–µ –¥–ª—è –Ω–∏–∑–∞ —á–∞—Å–æ–≤
 102              	  bottom_clock:
 103 006a BE0B0000 	    movl $11, %esi          # —Ñ–∏–∫—Å–∏—Ä—É–µ–º —Å—á–µ—Ç—á–∏–∫ –ø–æ–≤—Ç–æ—Ä–µ–Ω–∏–π
 103      00
 104              	
 105 006f C7055400 	    movl $3, n
 105      00000300 
 105      0000
 106 0079 C7055800 	    movl $9, begin
 106      00000900 
 106      0000
 107              	
 108              	     # –í—ã–≤–æ–¥ –ø–µ—Ä–µ–≤–æ–¥–∞ —Å—Ç—Ä–æ–∫–∏
 109 0083 B8040000 	    movl $4, %eax           # –ø–æ–º–µ—â–∞–µ–º –Ω–æ–º–µ—Ä —Å–∏—Å—Ç–µ–º–Ω–æ–≥–æ –≤—ã–∑–æ–≤–∞ write
 109      00
 110              	                            # –≤ —Ä–µ–≥–∏—Å—Ç—Ä eax                            
 111 0088 BB010000 	    movl $1, %ebx           # –ø–æ–º–µ—â–∞–µ–º –Ω–æ–º–µ—Ä –¥–µ—Å–∫—Ä–∏–ø—Ç–æ—Ä–∞ —Ñ–∞–π–ª–∞ –≤ —Ä–µ
 111      00
 112              	                            # –µ–¥–∏–Ω–∏—Ü–∞ —Å–æ–æ—Ç–≤–µ—Ç—Å—Ç–≤—É–µ—Ç —Å—Ç–∞–Ω–¥–∞—Ä—Ç–Ω–æ–º—É –≤
 113 008d 8D0D1700 	    leal enter, %ecx     # –ø–æ–º–µ—â–∞–µ–º –∞–¥—Ä–µ—Å –≤—ã–≤–æ–¥–∏–º–æ–π —Å—Ç—Ä–æ–∫–∏ –≤ —Ä–µ–≥–∏—
 113      0000
 114              	                            # (–æ–±—ä—è—Å–Ω–∏—Ç–µ, –ø–æ—á–µ–º—É –Ω–µ movl greeting, %ecx
 115 0093 BA010000 	    movl $1, %edx          # –ø–æ–º–µ—â–∞–µ–º –≤ —Ä–µ–≥–∏—Å—Ç—Ä edx –∫–æ–ª–∏—á–µ—Å—Ç–≤–æ –±–∞–π—Ç, 
 115      00
 116              	                            # –∑–∞–¥–∞–Ω–Ω–æ–≥–æ –∞–¥—Ä–µ—Å–∞, –∫–æ—Ç–æ—Ä—ã–µ –Ω—É–∂–Ω–æ –æ—Ç–ø—Ä–∞
 117 0098 CD80     	    int  $0x80	            # –æ–±—Ä–∞—â–∞–µ–º—Å—è –∫ –æ–±—Ä–∞–±–æ—Ç—á–∏–∫—É —Å–∏—Å—Ç–µ–º–Ω—ã—Ö –≤—ã
 118              	
 119              	
 120 009a EB00     	    jmp next_bottom
 121              	    
 122              	
 123              	  next_bottom:
 124              	    # –í—ã–≤–æ–¥ –ø—Ä–æ–±–µ–ª–æ–≤ –≤–Ω–∞—á–∞–ª–µ
 125 009c B8040000 	    movl $4, %eax           # –ø–æ–º–µ—â–∞–µ–º –Ω–æ–º–µ—Ä —Å–∏—Å—Ç–µ–º–Ω–æ–≥–æ –≤—ã–∑–æ–≤–∞ write
 125      00
 126              	                            # –≤ —Ä–µ–≥–∏—Å—Ç—Ä eax                            
 127 00a1 BB010000 	    movl $1, %ebx           # –ø–æ–º–µ—â–∞–µ–º –Ω–æ–º–µ—Ä –¥–µ—Å–∫—Ä–∏–ø—Ç–æ—Ä–∞ —Ñ–∞–π–ª–∞ –≤ —Ä–µ
 127      00
 128              	                            # –µ–¥–∏–Ω–∏—Ü–∞ —Å–æ–æ—Ç–≤–µ—Ç—Å—Ç–≤—É–µ—Ç —Å—Ç–∞–Ω–¥–∞—Ä—Ç–Ω–æ–º—É –≤
 129 00a6 8D0D1900 	    leal spaces, %ecx     # –ø–æ–º–µ—â–∞–µ–º –∞–¥—Ä–µ—Å –≤—ã–≤–æ–¥–∏–º–æ–π —Å—Ç—Ä–æ–∫–∏ –≤ —Ä–µ–≥–∏
 129      0000
 130              	
 131              	    
 132              	                            # (–æ–±—ä—è—Å–Ω–∏—Ç–µ, –ø–æ—á–µ–º—É –Ω–µ movl greeting, %ecx
 133 00ac 8B155800 	    movl begin, %edx          # –ø–æ–º–µ—â–∞–µ–º –≤ —Ä–µ–≥–∏—Å—Ç—Ä edx –∫–æ–ª–∏—á–µ—Å—Ç–≤–æ –±–∞–π—
 133      0000
 134              	                            # –∑–∞–¥–∞–Ω–Ω–æ–≥–æ –∞–¥—Ä–µ—Å–∞, –∫–æ—Ç–æ—Ä—ã–µ –Ω—É–∂–Ω–æ –æ—Ç–ø—Ä–∞
GAS LISTING greetings.S 			page 4


 135 00b2 CD80     	    int  $0x80	            # –æ–±—Ä–∞—â–∞–µ–º—Å—è –∫ –æ–±—Ä–∞–±–æ—Ç—á–∏–∫—É —Å–∏—Å—Ç–µ–º–Ω—ã—Ö –≤—ã
 136              	
 137              	
 138              	    # –í—ã–≤–æ–¥ —Ñ—Ä–∞–∑—ã –æ—Å–Ω–æ–≤–Ω–æ–π greetings
 139 00b4 B8040000 	    movl $4, %eax           # –ø–æ–º–µ—â–∞–µ–º –Ω–æ–º–µ—Ä —Å–∏—Å—Ç–µ–º–Ω–æ–≥–æ –≤—ã–∑–æ–≤–∞ write
 139      00
 140              	                            # –≤ —Ä–µ–≥–∏—Å—Ç—Ä eax                            
 141 00b9 BB010000 	    movl $1, %ebx           # –ø–æ–º–µ—â–∞–µ–º –Ω–æ–º–µ—Ä –¥–µ—Å–∫—Ä–∏–ø—Ç–æ—Ä–∞ —Ñ–∞–π–ª–∞ –≤ —Ä–µ
 141      00
 142              	                            # –µ–¥–∏–Ω–∏—Ü–∞ —Å–æ–æ—Ç–≤–µ—Ç—Å—Ç–≤—É–µ—Ç —Å—Ç–∞–Ω–¥–∞—Ä—Ç–Ω–æ–º—É –≤
 143 00be 8D0D0000 	    leal greeting, %ecx     # –ø–æ–º–µ—â–∞–µ–º –∞–¥—Ä–µ—Å –≤—ã–≤–æ–¥–∏–º–æ–π —Å—Ç—Ä–æ–∫–∏ –≤ —Ä–µ–≥
 143      0000
 144              	
 145 00c4 030D5800 	    addl begin, %ecx   # –ø–µ—Ä–µ–º–µ—â–∞–µ–º —É–∫–∞–∑–∞—Ç–µ–ª—å –Ω–∞ –∞–¥—Ä–µ—Å—Å –≤ –ø–∞–º—è—Ç–∏,
 145      0000
 146 00ca 832D5800 	    subl $1, begin
 146      000001
 147              	
 148              	                            # (–æ–±—ä—è—Å–Ω–∏—Ç–µ, –ø–æ—á–µ–º—É –Ω–µ movl greeting, %ecx
 149 00d1 8B155400 	    movl n, %edx          # –ø–æ–º–µ—â–∞–µ–º –≤ —Ä–µ–≥–∏—Å—Ç—Ä edx –∫–æ–ª–∏—á–µ—Å—Ç–≤–æ –±–∞–π—Ç, –
 149      0000
 150              	                            # –∑–∞–¥–∞–Ω–Ω–æ–≥–æ –∞–¥—Ä–µ—Å–∞, –∫–æ—Ç–æ—Ä—ã–µ –Ω—É–∂–Ω–æ –æ—Ç–ø—Ä–∞
 151 00d7 CD80     	    int  $0x80	            # –æ–±—Ä–∞—â–∞–µ–º—Å—è –∫ –æ–±—Ä–∞–±–æ—Ç—á–∏–∫—É —Å–∏—Å—Ç–µ–º–Ω—ã—Ö –≤—ã
 152              	
 153              	
 154              	
 155              	    # –í—ã–≤–æ–¥ –ø–µ—Ä–µ–≤–æ–¥–∞ —Å—Ç—Ä–æ–∫–∏
 156 00d9 B8040000 	    movl $4, %eax           # –ø–æ–º–µ—â–∞–µ–º –Ω–æ–º–µ—Ä —Å–∏—Å—Ç–µ–º–Ω–æ–≥–æ –≤—ã–∑–æ–≤–∞ write
 156      00
 157              	                            # –≤ —Ä–µ–≥–∏—Å—Ç—Ä eax                            
 158 00de BB010000 	    movl $1, %ebx           # –ø–æ–º–µ—â–∞–µ–º –Ω–æ–º–µ—Ä –¥–µ—Å–∫—Ä–∏–ø—Ç–æ—Ä–∞ —Ñ–∞–π–ª–∞ –≤ —Ä–µ
 158      00
 159              	                            # –µ–¥–∏–Ω–∏—Ü–∞ —Å–æ–æ—Ç–≤–µ—Ç—Å—Ç–≤—É–µ—Ç —Å—Ç–∞–Ω–¥–∞—Ä—Ç–Ω–æ–º—É –≤
 160 00e3 8D0D1700 	    leal enter, %ecx     # –ø–æ–º–µ—â–∞–µ–º –∞–¥—Ä–µ—Å –≤—ã–≤–æ–¥–∏–º–æ–π —Å—Ç—Ä–æ–∫–∏ –≤ —Ä–µ–≥–∏—
 160      0000
 161              	                            # (–æ–±—ä—è—Å–Ω–∏—Ç–µ, –ø–æ—á–µ–º—É –Ω–µ movl greeting, %ecx
 162 00e9 BA010000 	    movl $1, %edx          # –ø–æ–º–µ—â–∞–µ–º –≤ —Ä–µ–≥–∏—Å—Ç—Ä edx –∫–æ–ª–∏—á–µ—Å—Ç–≤–æ –±–∞–π—Ç, 
 162      00
 163              	                            # –∑–∞–¥–∞–Ω–Ω–æ–≥–æ –∞–¥—Ä–µ—Å–∞, –∫–æ—Ç–æ—Ä—ã–µ –Ω—É–∂–Ω–æ –æ—Ç–ø—Ä–∞
 164 00ee CD80     	    int  $0x80	            # –æ–±—Ä–∞—â–∞–µ–º—Å—è –∫ –æ–±—Ä–∞–±–æ—Ç—á–∏–∫—É —Å–∏—Å—Ç–µ–º–Ω—ã—Ö –≤—ã
 165              	
 166              	
 167              	
 168 00f0 83055400 	    addl $2, n # –£–º–µ–Ω—å—à–∞–µ–º —Å—Ç—Ä–æ–∫—É –∫–∞–∂–¥—ã–π —Ä–∞–∑
 168      000002
 169              	  
 170              	                            # –û–° Linux, –∫–æ—Ç–æ—Ä—ã–π –≤—ã–ø–æ–ª–Ω—è–µ—Ç –≤—ã–∑–æ–≤ –ø–æ –µ–≥–æ 
 171 00f7 83EE01   	    subl $1, %esi           # —É–º–µ–Ω—å—à–∞–µ–º —Å—á–µ—Ç—á–∏–∫
 172 00fa 83FE01   	    cmpl $1, %esi           # –µ—Å–ª–∏ —Ç—Ä–µ–±—É–µ–º–æ–µ —á–∏—Å–ª–æ –ø–æ–≤—Ç–æ—Ä–µ–Ω–∏–π –¥–æ—Å—Ç–
 173 00fd 7402     	    je done                # –ø–µ—Ä–µ—Ö–æ–¥–∏–º –∫ –∑–∞–≤–µ—Ä—à–µ–Ω–∏—é –ø—Ä–æ–≥—Ä–∞–º–º—ã
 174 00ff EB9B     	    jmp next_bottom             # –∏–Ω–∞—á–µ –ø–æ–≤—Ç–æ—Ä—è–µ–º –µ—â–µ —Ä–∞–∑
 175              	
 176              	
 177              	
 178              	  done:                            
 179              	
 180              	    /* –ó–∞–≤–µ—Ä—à–∞–µ–º –≤—ã–ø–æ–ª–Ω–µ–Ω–∏–µ –ø—Ä–æ–≥—Ä–∞–º–º—ã —Å –ø–æ–º–æ—â—å—é —Å–∏—Å—Ç–µ–º–Ω–
GAS LISTING greetings.S 			page 5


 181              	    
 182 0101 B8010000 	    movl $1, %eax           # –ø–æ–º–µ—â–∞–µ–º –Ω–æ–º–µ—Ä —Å–∏—Å—Ç–µ–º–Ω–æ–≥–æ –≤—ã–∑–æ–≤–∞ _exit
 182      00
 183              	                            # –≤ —Ä–µ–≥–∏—Å—Ç—Ä eax
 184 0106 BB000000 	    movl $0, %ebx           # –ø–æ–º–µ—â–∞–µ–º –∫–æ–¥ –≤–æ–∑–≤—Ä–∞—Ç–∞ –≤ —Ä–µ–≥–∏—Å—Ç—Ä ebx,
 184      00
 185              	                            # –Ω—É–ª–µ–≤–æ–π –∫–æ–¥ —Å–æ–æ—Ç–≤–µ—Ç—Å—Ç–≤—É–µ—Ç —É—Å–ø–µ—à–Ω–æ–º—É –
 186 010b CD80     	    int  $0x80              # –æ–±—Ä–∞—â–∞–µ–º—Å—è –∫ –û–°
 187              	
 188              	.end                        # –ø–æ—Å–ª–µ–¥–Ω—è—è —Å—Ç—Ä–æ–∫–∞ –∏—Å—Ö–æ–¥–Ω–æ–≥–æ —Ç–µ–∫—Å—Ç–∞...
GAS LISTING greetings.S 			page 6


DEFINED SYMBOLS
         greetings.S:25     .data:0000000000000000 greeting
         greetings.S:26     .data:0000000000000017 enter
         greetings.S:27     .data:0000000000000019 spaces
         greetings.S:28     .data:0000000000000054 n
         greetings.S:29     .data:0000000000000058 begin
         greetings.S:40     .text:0000000000000000 _start
         greetings.S:46     .text:0000000000000005 next
         greetings.S:102    .text:000000000000006a bottom_clock
         greetings.S:123    .text:000000000000009c next_bottom
         greetings.S:178    .text:0000000000000101 done

NO UNDEFINED SYMBOLS
